Determining if the pthread_create exist failed with the following output:
Change Dir: /S-100-CPU_GIT/build/CMakeFiles/CMakeTmp

Run Build Command:"/usr/bin/make" "cmTryCompileExec3890633741/fast"
/usr/bin/make -f CMakeFiles/cmTryCompileExec3890633741.dir/build.make CMakeFiles/cmTryCompileExec3890633741.dir/build
make[1]: Entering directory `/S-100-CPU_GIT/build/CMakeFiles/CMakeTmp'
/root/iodk/merk/cmake-3.1.3-Linux-i386/bin/cmake -E cmake_progress_report /S-100-CPU_GIT/build/CMakeFiles/CMakeTmp/CMakeFiles 1
Building C object CMakeFiles/cmTryCompileExec3890633741.dir/CheckSymbolExists.c.o
/usr/src/mini2440/arm-2008q3/bin/arm-none-linux-gnueabi-gcc   -march=armv4t -mtune=arm920t -march=armv4t -mtune=arm920t    -o CMakeFiles/cmTryCompileExec3890633741.dir/CheckSymbolExists.c.o   -c /S-100-CPU_GIT/build/CMakeFiles/CMakeTmp/CheckSymbolExists.c
Linking C executable cmTryCompileExec3890633741
/root/iodk/merk/cmake-3.1.3-Linux-i386/bin/cmake -E cmake_link_script CMakeFiles/cmTryCompileExec3890633741.dir/link.txt --verbose=1
/usr/src/mini2440/arm-2008q3/bin/arm-none-linux-gnueabi-gcc  -march=armv4t -mtune=arm920t -march=armv4t -mtune=arm920t    CMakeFiles/cmTryCompileExec3890633741.dir/CheckSymbolExists.c.o  -o cmTryCompileExec3890633741 -rdynamic 
CMakeFiles/cmTryCompileExec3890633741.dir/CheckSymbolExists.c.o: In function `main':
CheckSymbolExists.c:(.text+0x38): undefined reference to `pthread_create'
collect2: ld returned 1 exit status
make[1]: Leaving directory `/S-100-CPU_GIT/build/CMakeFiles/CMakeTmp'
make[1]: *** [cmTryCompileExec3890633741] Ошибка 1
make: *** [cmTryCompileExec3890633741/fast] Ошибка 2

File /S-100-CPU_GIT/build/CMakeFiles/CMakeTmp/CheckSymbolExists.c:
/* */
#include <pthread.h>

int main(int argc, char** argv)
{
  (void)argv;
#ifndef pthread_create
  return ((int*)(&pthread_create))[argc];
#else
  (void)argc;
  return 0;
#endif
}

Determining if the function pthread_create exists in the pthreads failed with the following output:
Change Dir: /S-100-CPU_GIT/build/CMakeFiles/CMakeTmp

Run Build Command:"/usr/bin/make" "cmTryCompileExec723798145/fast"
/usr/bin/make -f CMakeFiles/cmTryCompileExec723798145.dir/build.make CMakeFiles/cmTryCompileExec723798145.dir/build
make[1]: Entering directory `/S-100-CPU_GIT/build/CMakeFiles/CMakeTmp'
/root/iodk/merk/cmake-3.1.3-Linux-i386/bin/cmake -E cmake_progress_report /S-100-CPU_GIT/build/CMakeFiles/CMakeTmp/CMakeFiles 1
Building C object CMakeFiles/cmTryCompileExec723798145.dir/CheckFunctionExists.c.o
/usr/src/mini2440/arm-2008q3/bin/arm-none-linux-gnueabi-gcc   -march=armv4t -mtune=arm920t -march=armv4t -mtune=arm920t -DCHECK_FUNCTION_EXISTS=pthread_create   -o CMakeFiles/cmTryCompileExec723798145.dir/CheckFunctionExists.c.o   -c /root/iodk/merk/cmake-3.1.3-Linux-i386/share/cmake-3.1/Modules/CheckFunctionExists.c
Linking C executable cmTryCompileExec723798145
/root/iodk/merk/cmake-3.1.3-Linux-i386/bin/cmake -E cmake_link_script CMakeFiles/cmTryCompileExec723798145.dir/link.txt --verbose=1
/usr/src/mini2440/arm-2008q3/bin/arm-none-linux-gnueabi-gcc  -march=armv4t -mtune=arm920t -march=armv4t -mtune=arm920t -DCHECK_FUNCTION_EXISTS=pthread_create   CMakeFiles/cmTryCompileExec723798145.dir/CheckFunctionExists.c.o  -o cmTryCompileExec723798145 -rdynamic -lpthreads 
/usr/src/mini2440/arm-2008q3/bin/../lib/gcc/arm-none-linux-gnueabi/4.3.2/../../../../arm-none-linux-gnueabi/bin/ld: cannot find -lpthreads
collect2: ld returned 1 exit status
make[1]: Leaving directory `/S-100-CPU_GIT/build/CMakeFiles/CMakeTmp'
make[1]: *** [cmTryCompileExec723798145] Ошибка 1
make: *** [cmTryCompileExec723798145/fast] Ошибка 2


