The target system is: Linux -  - 
The host system is: Linux - 3.19.0-32-generic - x86_64
Compiling the C compiler identification source file "CMakeCCompilerId.c" succeeded.
Compiler: /usr/src/mini2440/arm-2008q3/bin/arm-none-linux-gnueabi-gcc 
Build flags: -march=armv4t;-mtune=arm920t;-march=armv4t;-mtune=arm920t
Id flags: 

The output was:
0


Compilation of the C compiler identification source "CMakeCCompilerId.c" produced "a.out"

The C compiler identification is GNU, found in "/home/northernhell/S_100_CPU_Git/build_rosa/CMakeFiles/3.4.0/CompilerIdC/a.out"

Compiling the CXX compiler identification source file "CMakeCXXCompilerId.cpp" succeeded.
Compiler: /usr/src/mini2440/arm-2008q3/bin/arm-none-linux-gnueabi-g++ 
Build flags: -march=armv4t;-mtune=arm920t;-march=armv4t;-mtune=arm920t
Id flags: 

The output was:
0


Compilation of the CXX compiler identification source "CMakeCXXCompilerId.cpp" produced "a.out"

The CXX compiler identification is GNU, found in "/home/northernhell/S_100_CPU_Git/build_rosa/CMakeFiles/3.4.0/CompilerIdCXX/a.out"

Determining if the C compiler works passed with the following output:
Change Dir: /home/northernhell/S_100_CPU_Git/build_rosa/CMakeFiles/CMakeTmp

Run Build Command:"/usr/bin/make" "cmTC_2ea1b/fast"
/usr/bin/make -f CMakeFiles/cmTC_2ea1b.dir/build.make CMakeFiles/cmTC_2ea1b.dir/build
make[1]: Вход в каталог `/home/northernhell/S_100_CPU_Git/build_rosa/CMakeFiles/CMakeTmp'
Building C object CMakeFiles/cmTC_2ea1b.dir/testCCompiler.c.o
/usr/src/mini2440/arm-2008q3/bin/arm-none-linux-gnueabi-gcc    -march=armv4t -mtune=arm920t -march=armv4t -mtune=arm920t    -o CMakeFiles/cmTC_2ea1b.dir/testCCompiler.c.o   -c /home/northernhell/S_100_CPU_Git/build_rosa/CMakeFiles/CMakeTmp/testCCompiler.c
Linking C executable cmTC_2ea1b
/home/northernhell/Загрузки/cmake-3.4.0-Linux-x86_64/bin/cmake -E cmake_link_script CMakeFiles/cmTC_2ea1b.dir/link.txt --verbose=1
/usr/src/mini2440/arm-2008q3/bin/arm-none-linux-gnueabi-gcc  -march=armv4t -mtune=arm920t -march=armv4t -mtune=arm920t     CMakeFiles/cmTC_2ea1b.dir/testCCompiler.c.o  -o cmTC_2ea1b -rdynamic 
make[1]: Выход из каталога `/home/northernhell/S_100_CPU_Git/build_rosa/CMakeFiles/CMakeTmp'


Detecting C compiler ABI info compiled with the following output:
Change Dir: /home/northernhell/S_100_CPU_Git/build_rosa/CMakeFiles/CMakeTmp

Run Build Command:"/usr/bin/make" "cmTC_01780/fast"
/usr/bin/make -f CMakeFiles/cmTC_01780.dir/build.make CMakeFiles/cmTC_01780.dir/build
make[1]: Вход в каталог `/home/northernhell/S_100_CPU_Git/build_rosa/CMakeFiles/CMakeTmp'
Building C object CMakeFiles/cmTC_01780.dir/CMakeCCompilerABI.c.o
/usr/src/mini2440/arm-2008q3/bin/arm-none-linux-gnueabi-gcc    -march=armv4t -mtune=arm920t -march=armv4t -mtune=arm920t    -o CMakeFiles/cmTC_01780.dir/CMakeCCompilerABI.c.o   -c /home/northernhell/Загрузки/cmake-3.4.0-Linux-x86_64/share/cmake-3.4/Modules/CMakeCCompilerABI.c
Linking C executable cmTC_01780
/home/northernhell/Загрузки/cmake-3.4.0-Linux-x86_64/bin/cmake -E cmake_link_script CMakeFiles/cmTC_01780.dir/link.txt --verbose=1
/usr/src/mini2440/arm-2008q3/bin/arm-none-linux-gnueabi-gcc  -march=armv4t -mtune=arm920t -march=armv4t -mtune=arm920t    -v CMakeFiles/cmTC_01780.dir/CMakeCCompilerABI.c.o  -o cmTC_01780 -rdynamic  
Using built-in specs.
Target: arm-none-linux-gnueabi
Configured with: /scratch/julian/lite-respin/linux/src/gcc-4.3/configure --build=i686-pc-linux-gnu --host=i686-pc-linux-gnu --target=arm-none-linux-gnueabi --enable-threads --disable-libmudflap --disable-libssp --disable-libstdcxx-pch --with-gnu-as --with-gnu-ld --enable-languages=c,c++ --enable-shared --enable-symvers=gnu --enable-__cxa_atexit --with-pkgversion='Sourcery G++ Lite 2008q3-72' --with-bugurl=https://support.codesourcery.com/GNUToolchain/ --disable-nls --prefix=/opt/codesourcery --with-sysroot=/opt/codesourcery/arm-none-linux-gnueabi/libc --with-build-sysroot=/scratch/julian/lite-respin/linux/install/arm-none-linux-gnueabi/libc --with-gmp=/scratch/julian/lite-respin/linux/obj/host-libs-2008q3-72-arm-none-linux-gnueabi-i686-pc-linux-gnu/usr --with-mpfr=/scratch/julian/lite-respin/linux/obj/host-libs-2008q3-72-arm-none-linux-gnueabi-i686-pc-linux-gnu/usr --disable-libgomp --enable-poison-system-directories --with-build-time-tools=/scratch/julian/lite-respin/linux/install/arm-none-linux-gnueabi/bin --with-build-time-tools=/scratch/julian/lite-respin/linux/install/arm-none-linux-gnueabi/bin
Thread model: posix
gcc version 4.3.2 (Sourcery G++ Lite 2008q3-72) 
COMPILER_PATH=/usr/src/mini2440/arm-2008q3/bin/../libexec/gcc/arm-none-linux-gnueabi/4.3.2/:/usr/src/mini2440/arm-2008q3/bin/../libexec/gcc/:/usr/src/mini2440/arm-2008q3/bin/../lib/gcc/arm-none-linux-gnueabi/4.3.2/../../../../arm-none-linux-gnueabi/bin/
LIBRARY_PATH=/usr/src/mini2440/arm-2008q3/bin/../lib/gcc/arm-none-linux-gnueabi/4.3.2/armv4t/:/usr/src/mini2440/arm-2008q3/bin/../lib/gcc/arm-none-linux-gnueabi/4.3.2/../../../../arm-none-linux-gnueabi/lib/armv4t/:/usr/src/mini2440/arm-2008q3/bin/../lib/gcc/arm-none-linux-gnueabi/4.3.2/:/usr/src/mini2440/arm-2008q3/bin/../lib/gcc/:/usr/src/mini2440/arm-2008q3/bin/../lib/gcc/arm-none-linux-gnueabi/4.3.2/../../../../arm-none-linux-gnueabi/lib/:/usr/src/mini2440/arm-2008q3/bin/../arm-none-linux-gnueabi/libc/armv4t/lib/:/usr/src/mini2440/arm-2008q3/bin/../arm-none-linux-gnueabi/libc/armv4t/usr/lib/
COLLECT_GCC_OPTIONS='-march=armv4t' '-mtune=arm920t' '-march=armv4t' '-mtune=arm920t' '-v' '-o' 'cmTC_01780' '-rdynamic'
 /usr/src/mini2440/arm-2008q3/bin/../libexec/gcc/arm-none-linux-gnueabi/4.3.2/collect2 --sysroot=/usr/src/mini2440/arm-2008q3/bin/../arm-none-linux-gnueabi/libc/armv4t --eh-frame-hdr -export-dynamic -dynamic-linker /lib/ld-linux.so.3 -X -m armelf_linux_eabi -o cmTC_01780 /usr/src/mini2440/arm-2008q3/bin/../arm-none-linux-gnueabi/libc/armv4t/usr/lib/crt1.o /usr/src/mini2440/arm-2008q3/bin/../arm-none-linux-gnueabi/libc/armv4t/usr/lib/crti.o /usr/src/mini2440/arm-2008q3/bin/../lib/gcc/arm-none-linux-gnueabi/4.3.2/armv4t/crtbegin.o -L/usr/src/mini2440/arm-2008q3/bin/../lib/gcc/arm-none-linux-gnueabi/4.3.2/armv4t -L/usr/src/mini2440/arm-2008q3/bin/../lib/gcc/arm-none-linux-gnueabi/4.3.2/../../../../arm-none-linux-gnueabi/lib/armv4t -L/usr/src/mini2440/arm-2008q3/bin/../lib/gcc/arm-none-linux-gnueabi/4.3.2 -L/usr/src/mini2440/arm-2008q3/bin/../lib/gcc -L/usr/src/mini2440/arm-2008q3/bin/../lib/gcc/arm-none-linux-gnueabi/4.3.2/../../../../arm-none-linux-gnueabi/lib -L/usr/src/mini2440/arm-2008q3/bin/../arm-none-linux-gnueabi/libc/armv4t/lib -L/usr/src/mini2440/arm-2008q3/bin/../arm-none-linux-gnueabi/libc/armv4t/usr/lib CMakeFiles/cmTC_01780.dir/CMakeCCompilerABI.c.o -lgcc --as-needed -lgcc_s --no-as-needed -lc -lgcc --as-needed -lgcc_s --no-as-needed /usr/src/mini2440/arm-2008q3/bin/../lib/gcc/arm-none-linux-gnueabi/4.3.2/armv4t/crtend.o /usr/src/mini2440/arm-2008q3/bin/../arm-none-linux-gnueabi/libc/armv4t/usr/lib/crtn.o
make[1]: Выход из каталога `/home/northernhell/S_100_CPU_Git/build_rosa/CMakeFiles/CMakeTmp'


Parsed C implicit link information from above output:
  link line regex: [^( *|.*[/\])(arm-none-linux-gnueabi-ld|([^/\]+-)?ld|collect2)[^/\]*( |$)]
  ignore line: [Change Dir: /home/northernhell/S_100_CPU_Git/build_rosa/CMakeFiles/CMakeTmp]
  ignore line: []
  ignore line: [Run Build Command:"/usr/bin/make" "cmTC_01780/fast"]
  ignore line: [/usr/bin/make -f CMakeFiles/cmTC_01780.dir/build.make CMakeFiles/cmTC_01780.dir/build]
  ignore line: [make[1]: Вход в каталог `/home/northernhell/S_100_CPU_Git/build_rosa/CMakeFiles/CMakeTmp']
  ignore line: [Building C object CMakeFiles/cmTC_01780.dir/CMakeCCompilerABI.c.o]
  ignore line: [/usr/src/mini2440/arm-2008q3/bin/arm-none-linux-gnueabi-gcc    -march=armv4t -mtune=arm920t -march=armv4t -mtune=arm920t    -o CMakeFiles/cmTC_01780.dir/CMakeCCompilerABI.c.o   -c /home/northernhell/Загрузки/cmake-3.4.0-Linux-x86_64/share/cmake-3.4/Modules/CMakeCCompilerABI.c]
  ignore line: [Linking C executable cmTC_01780]
  ignore line: [/home/northernhell/Загрузки/cmake-3.4.0-Linux-x86_64/bin/cmake -E cmake_link_script CMakeFiles/cmTC_01780.dir/link.txt --verbose=1]
  ignore line: [/usr/src/mini2440/arm-2008q3/bin/arm-none-linux-gnueabi-gcc  -march=armv4t -mtune=arm920t -march=armv4t -mtune=arm920t    -v CMakeFiles/cmTC_01780.dir/CMakeCCompilerABI.c.o  -o cmTC_01780 -rdynamic  ]
  ignore line: [Using built-in specs.]
  ignore line: [Target: arm-none-linux-gnueabi]
  ignore line: [Configured with: /scratch/julian/lite-respin/linux/src/gcc-4.3/configure --build=i686-pc-linux-gnu --host=i686-pc-linux-gnu --target=arm-none-linux-gnueabi --enable-threads --disable-libmudflap --disable-libssp --disable-libstdcxx-pch --with-gnu-as --with-gnu-ld --enable-languages=c,c++ --enable-shared --enable-symvers=gnu --enable-__cxa_atexit --with-pkgversion='Sourcery G++ Lite 2008q3-72' --with-bugurl=https://support.codesourcery.com/GNUToolchain/ --disable-nls --prefix=/opt/codesourcery --with-sysroot=/opt/codesourcery/arm-none-linux-gnueabi/libc --with-build-sysroot=/scratch/julian/lite-respin/linux/install/arm-none-linux-gnueabi/libc --with-gmp=/scratch/julian/lite-respin/linux/obj/host-libs-2008q3-72-arm-none-linux-gnueabi-i686-pc-linux-gnu/usr --with-mpfr=/scratch/julian/lite-respin/linux/obj/host-libs-2008q3-72-arm-none-linux-gnueabi-i686-pc-linux-gnu/usr --disable-libgomp --enable-poison-system-directories --with-build-time-tools=/scratch/julian/lite-respin/linux/install/arm-none-linux-gnueabi/bin --with-build-time-tools=/scratch/julian/lite-respin/linux/install/arm-none-linux-gnueabi/bin]
  ignore line: [Thread model: posix]
  ignore line: [gcc version 4.3.2 (Sourcery G++ Lite 2008q3-72) ]
  ignore line: [COMPILER_PATH=/usr/src/mini2440/arm-2008q3/bin/../libexec/gcc/arm-none-linux-gnueabi/4.3.2/:/usr/src/mini2440/arm-2008q3/bin/../libexec/gcc/:/usr/src/mini2440/arm-2008q3/bin/../lib/gcc/arm-none-linux-gnueabi/4.3.2/../../../../arm-none-linux-gnueabi/bin/]
  ignore line: [LIBRARY_PATH=/usr/src/mini2440/arm-2008q3/bin/../lib/gcc/arm-none-linux-gnueabi/4.3.2/armv4t/:/usr/src/mini2440/arm-2008q3/bin/../lib/gcc/arm-none-linux-gnueabi/4.3.2/../../../../arm-none-linux-gnueabi/lib/armv4t/:/usr/src/mini2440/arm-2008q3/bin/../lib/gcc/arm-none-linux-gnueabi/4.3.2/:/usr/src/mini2440/arm-2008q3/bin/../lib/gcc/:/usr/src/mini2440/arm-2008q3/bin/../lib/gcc/arm-none-linux-gnueabi/4.3.2/../../../../arm-none-linux-gnueabi/lib/:/usr/src/mini2440/arm-2008q3/bin/../arm-none-linux-gnueabi/libc/armv4t/lib/:/usr/src/mini2440/arm-2008q3/bin/../arm-none-linux-gnueabi/libc/armv4t/usr/lib/]
  ignore line: [COLLECT_GCC_OPTIONS='-march=armv4t' '-mtune=arm920t' '-march=armv4t' '-mtune=arm920t' '-v' '-o' 'cmTC_01780' '-rdynamic']
  link line: [ /usr/src/mini2440/arm-2008q3/bin/../libexec/gcc/arm-none-linux-gnueabi/4.3.2/collect2 --sysroot=/usr/src/mini2440/arm-2008q3/bin/../arm-none-linux-gnueabi/libc/armv4t --eh-frame-hdr -export-dynamic -dynamic-linker /lib/ld-linux.so.3 -X -m armelf_linux_eabi -o cmTC_01780 /usr/src/mini2440/arm-2008q3/bin/../arm-none-linux-gnueabi/libc/armv4t/usr/lib/crt1.o /usr/src/mini2440/arm-2008q3/bin/../arm-none-linux-gnueabi/libc/armv4t/usr/lib/crti.o /usr/src/mini2440/arm-2008q3/bin/../lib/gcc/arm-none-linux-gnueabi/4.3.2/armv4t/crtbegin.o -L/usr/src/mini2440/arm-2008q3/bin/../lib/gcc/arm-none-linux-gnueabi/4.3.2/armv4t -L/usr/src/mini2440/arm-2008q3/bin/../lib/gcc/arm-none-linux-gnueabi/4.3.2/../../../../arm-none-linux-gnueabi/lib/armv4t -L/usr/src/mini2440/arm-2008q3/bin/../lib/gcc/arm-none-linux-gnueabi/4.3.2 -L/usr/src/mini2440/arm-2008q3/bin/../lib/gcc -L/usr/src/mini2440/arm-2008q3/bin/../lib/gcc/arm-none-linux-gnueabi/4.3.2/../../../../arm-none-linux-gnueabi/lib -L/usr/src/mini2440/arm-2008q3/bin/../arm-none-linux-gnueabi/libc/armv4t/lib -L/usr/src/mini2440/arm-2008q3/bin/../arm-none-linux-gnueabi/libc/armv4t/usr/lib CMakeFiles/cmTC_01780.dir/CMakeCCompilerABI.c.o -lgcc --as-needed -lgcc_s --no-as-needed -lc -lgcc --as-needed -lgcc_s --no-as-needed /usr/src/mini2440/arm-2008q3/bin/../lib/gcc/arm-none-linux-gnueabi/4.3.2/armv4t/crtend.o /usr/src/mini2440/arm-2008q3/bin/../arm-none-linux-gnueabi/libc/armv4t/usr/lib/crtn.o]
    arg [/usr/src/mini2440/arm-2008q3/bin/../libexec/gcc/arm-none-linux-gnueabi/4.3.2/collect2] ==> ignore
    arg [--sysroot=/usr/src/mini2440/arm-2008q3/bin/../arm-none-linux-gnueabi/libc/armv4t] ==> ignore
    arg [--eh-frame-hdr] ==> ignore
    arg [-export-dynamic] ==> ignore
    arg [-dynamic-linker] ==> ignore
    arg [/lib/ld-linux.so.3] ==> ignore
    arg [-X] ==> ignore
    arg [-m] ==> ignore
    arg [armelf_linux_eabi] ==> ignore
    arg [-o] ==> ignore
    arg [cmTC_01780] ==> ignore
    arg [/usr/src/mini2440/arm-2008q3/bin/../arm-none-linux-gnueabi/libc/armv4t/usr/lib/crt1.o] ==> ignore
    arg [/usr/src/mini2440/arm-2008q3/bin/../arm-none-linux-gnueabi/libc/armv4t/usr/lib/crti.o] ==> ignore
    arg [/usr/src/mini2440/arm-2008q3/bin/../lib/gcc/arm-none-linux-gnueabi/4.3.2/armv4t/crtbegin.o] ==> ignore
    arg [-L/usr/src/mini2440/arm-2008q3/bin/../lib/gcc/arm-none-linux-gnueabi/4.3.2/armv4t] ==> dir [/usr/src/mini2440/arm-2008q3/bin/../lib/gcc/arm-none-linux-gnueabi/4.3.2/armv4t]
    arg [-L/usr/src/mini2440/arm-2008q3/bin/../lib/gcc/arm-none-linux-gnueabi/4.3.2/../../../../arm-none-linux-gnueabi/lib/armv4t] ==> dir [/usr/src/mini2440/arm-2008q3/bin/../lib/gcc/arm-none-linux-gnueabi/4.3.2/../../../../arm-none-linux-gnueabi/lib/armv4t]
    arg [-L/usr/src/mini2440/arm-2008q3/bin/../lib/gcc/arm-none-linux-gnueabi/4.3.2] ==> dir [/usr/src/mini2440/arm-2008q3/bin/../lib/gcc/arm-none-linux-gnueabi/4.3.2]
    arg [-L/usr/src/mini2440/arm-2008q3/bin/../lib/gcc] ==> dir [/usr/src/mini2440/arm-2008q3/bin/../lib/gcc]
    arg [-L/usr/src/mini2440/arm-2008q3/bin/../lib/gcc/arm-none-linux-gnueabi/4.3.2/../../../../arm-none-linux-gnueabi/lib] ==> dir [/usr/src/mini2440/arm-2008q3/bin/../lib/gcc/arm-none-linux-gnueabi/4.3.2/../../../../arm-none-linux-gnueabi/lib]
    arg [-L/usr/src/mini2440/arm-2008q3/bin/../arm-none-linux-gnueabi/libc/armv4t/lib] ==> dir [/usr/src/mini2440/arm-2008q3/bin/../arm-none-linux-gnueabi/libc/armv4t/lib]
    arg [-L/usr/src/mini2440/arm-2008q3/bin/../arm-none-linux-gnueabi/libc/armv4t/usr/lib] ==> dir [/usr/src/mini2440/arm-2008q3/bin/../arm-none-linux-gnueabi/libc/armv4t/usr/lib]
    arg [CMakeFiles/cmTC_01780.dir/CMakeCCompilerABI.c.o] ==> ignore
    arg [-lgcc] ==> lib [gcc]
    arg [--as-needed] ==> ignore
    arg [-lgcc_s] ==> lib [gcc_s]
    arg [--no-as-needed] ==> ignore
    arg [-lc] ==> lib [c]
    arg [-lgcc] ==> lib [gcc]
    arg [--as-needed] ==> ignore
    arg [-lgcc_s] ==> lib [gcc_s]
    arg [--no-as-needed] ==> ignore
    arg [/usr/src/mini2440/arm-2008q3/bin/../lib/gcc/arm-none-linux-gnueabi/4.3.2/armv4t/crtend.o] ==> ignore
    arg [/usr/src/mini2440/arm-2008q3/bin/../arm-none-linux-gnueabi/libc/armv4t/usr/lib/crtn.o] ==> ignore
  remove lib [gcc]
  remove lib [gcc_s]
  remove lib [gcc]
  remove lib [gcc_s]
  collapse library dir [/usr/src/mini2440/arm-2008q3/bin/../lib/gcc/arm-none-linux-gnueabi/4.3.2/armv4t] ==> [/usr/src/mini2440/arm-2008q3/lib/gcc/arm-none-linux-gnueabi/4.3.2/armv4t]
  collapse library dir [/usr/src/mini2440/arm-2008q3/bin/../lib/gcc/arm-none-linux-gnueabi/4.3.2/../../../../arm-none-linux-gnueabi/lib/armv4t] ==> [/usr/src/mini2440/arm-2008q3/arm-none-linux-gnueabi/lib/armv4t]
  collapse library dir [/usr/src/mini2440/arm-2008q3/bin/../lib/gcc/arm-none-linux-gnueabi/4.3.2] ==> [/usr/src/mini2440/arm-2008q3/lib/gcc/arm-none-linux-gnueabi/4.3.2]
  collapse library dir [/usr/src/mini2440/arm-2008q3/bin/../lib/gcc] ==> [/usr/src/mini2440/arm-2008q3/lib/gcc]
  collapse library dir [/usr/src/mini2440/arm-2008q3/bin/../lib/gcc/arm-none-linux-gnueabi/4.3.2/../../../../arm-none-linux-gnueabi/lib] ==> [/usr/src/mini2440/arm-2008q3/arm-none-linux-gnueabi/lib]
  collapse library dir [/usr/src/mini2440/arm-2008q3/bin/../arm-none-linux-gnueabi/libc/armv4t/lib] ==> [/usr/src/mini2440/arm-2008q3/arm-none-linux-gnueabi/libc/armv4t/lib]
  collapse library dir [/usr/src/mini2440/arm-2008q3/bin/../arm-none-linux-gnueabi/libc/armv4t/usr/lib] ==> [/usr/src/mini2440/arm-2008q3/arm-none-linux-gnueabi/libc/armv4t/usr/lib]
  implicit libs: [c]
  implicit dirs: [/usr/src/mini2440/arm-2008q3/lib/gcc/arm-none-linux-gnueabi/4.3.2/armv4t;/usr/src/mini2440/arm-2008q3/arm-none-linux-gnueabi/lib/armv4t;/usr/src/mini2440/arm-2008q3/lib/gcc/arm-none-linux-gnueabi/4.3.2;/usr/src/mini2440/arm-2008q3/lib/gcc;/usr/src/mini2440/arm-2008q3/arm-none-linux-gnueabi/lib;/usr/src/mini2440/arm-2008q3/arm-none-linux-gnueabi/libc/armv4t/lib;/usr/src/mini2440/arm-2008q3/arm-none-linux-gnueabi/libc/armv4t/usr/lib]
  implicit fwks: []


Determining if the CXX compiler works passed with the following output:
Change Dir: /home/northernhell/S_100_CPU_Git/build_rosa/CMakeFiles/CMakeTmp

Run Build Command:"/usr/bin/make" "cmTC_4ed0d/fast"
/usr/bin/make -f CMakeFiles/cmTC_4ed0d.dir/build.make CMakeFiles/cmTC_4ed0d.dir/build
make[1]: Вход в каталог `/home/northernhell/S_100_CPU_Git/build_rosa/CMakeFiles/CMakeTmp'
Building CXX object CMakeFiles/cmTC_4ed0d.dir/testCXXCompiler.cxx.o
/usr/src/mini2440/arm-2008q3/bin/arm-none-linux-gnueabi-g++     -march=armv4t -mtune=arm920t -march=armv4t -mtune=arm920t    -o CMakeFiles/cmTC_4ed0d.dir/testCXXCompiler.cxx.o -c /home/northernhell/S_100_CPU_Git/build_rosa/CMakeFiles/CMakeTmp/testCXXCompiler.cxx
Linking CXX executable cmTC_4ed0d
/home/northernhell/Загрузки/cmake-3.4.0-Linux-x86_64/bin/cmake -E cmake_link_script CMakeFiles/cmTC_4ed0d.dir/link.txt --verbose=1
/usr/src/mini2440/arm-2008q3/bin/arm-none-linux-gnueabi-g++   -march=armv4t -mtune=arm920t -march=armv4t -mtune=arm920t     CMakeFiles/cmTC_4ed0d.dir/testCXXCompiler.cxx.o  -o cmTC_4ed0d -rdynamic 
make[1]: Выход из каталога `/home/northernhell/S_100_CPU_Git/build_rosa/CMakeFiles/CMakeTmp'


Detecting CXX compiler ABI info compiled with the following output:
Change Dir: /home/northernhell/S_100_CPU_Git/build_rosa/CMakeFiles/CMakeTmp

Run Build Command:"/usr/bin/make" "cmTC_6dd23/fast"
/usr/bin/make -f CMakeFiles/cmTC_6dd23.dir/build.make CMakeFiles/cmTC_6dd23.dir/build
make[1]: Вход в каталог `/home/northernhell/S_100_CPU_Git/build_rosa/CMakeFiles/CMakeTmp'
Building CXX object CMakeFiles/cmTC_6dd23.dir/CMakeCXXCompilerABI.cpp.o
/usr/src/mini2440/arm-2008q3/bin/arm-none-linux-gnueabi-g++     -march=armv4t -mtune=arm920t -march=armv4t -mtune=arm920t    -o CMakeFiles/cmTC_6dd23.dir/CMakeCXXCompilerABI.cpp.o -c /home/northernhell/Загрузки/cmake-3.4.0-Linux-x86_64/share/cmake-3.4/Modules/CMakeCXXCompilerABI.cpp
Linking CXX executable cmTC_6dd23
/home/northernhell/Загрузки/cmake-3.4.0-Linux-x86_64/bin/cmake -E cmake_link_script CMakeFiles/cmTC_6dd23.dir/link.txt --verbose=1
/usr/src/mini2440/arm-2008q3/bin/arm-none-linux-gnueabi-g++   -march=armv4t -mtune=arm920t -march=armv4t -mtune=arm920t    -v CMakeFiles/cmTC_6dd23.dir/CMakeCXXCompilerABI.cpp.o  -o cmTC_6dd23 -rdynamic  
Using built-in specs.
Target: arm-none-linux-gnueabi
Configured with: /scratch/julian/lite-respin/linux/src/gcc-4.3/configure --build=i686-pc-linux-gnu --host=i686-pc-linux-gnu --target=arm-none-linux-gnueabi --enable-threads --disable-libmudflap --disable-libssp --disable-libstdcxx-pch --with-gnu-as --with-gnu-ld --enable-languages=c,c++ --enable-shared --enable-symvers=gnu --enable-__cxa_atexit --with-pkgversion='Sourcery G++ Lite 2008q3-72' --with-bugurl=https://support.codesourcery.com/GNUToolchain/ --disable-nls --prefix=/opt/codesourcery --with-sysroot=/opt/codesourcery/arm-none-linux-gnueabi/libc --with-build-sysroot=/scratch/julian/lite-respin/linux/install/arm-none-linux-gnueabi/libc --with-gmp=/scratch/julian/lite-respin/linux/obj/host-libs-2008q3-72-arm-none-linux-gnueabi-i686-pc-linux-gnu/usr --with-mpfr=/scratch/julian/lite-respin/linux/obj/host-libs-2008q3-72-arm-none-linux-gnueabi-i686-pc-linux-gnu/usr --disable-libgomp --enable-poison-system-directories --with-build-time-tools=/scratch/julian/lite-respin/linux/install/arm-none-linux-gnueabi/bin --with-build-time-tools=/scratch/julian/lite-respin/linux/install/arm-none-linux-gnueabi/bin
Thread model: posix
gcc version 4.3.2 (Sourcery G++ Lite 2008q3-72) 
COMPILER_PATH=/usr/src/mini2440/arm-2008q3/bin/../libexec/gcc/arm-none-linux-gnueabi/4.3.2/:/usr/src/mini2440/arm-2008q3/bin/../libexec/gcc/:/usr/src/mini2440/arm-2008q3/bin/../lib/gcc/arm-none-linux-gnueabi/4.3.2/../../../../arm-none-linux-gnueabi/bin/
LIBRARY_PATH=/usr/src/mini2440/arm-2008q3/bin/../lib/gcc/arm-none-linux-gnueabi/4.3.2/armv4t/:/usr/src/mini2440/arm-2008q3/bin/../lib/gcc/arm-none-linux-gnueabi/4.3.2/../../../../arm-none-linux-gnueabi/lib/armv4t/:/usr/src/mini2440/arm-2008q3/bin/../lib/gcc/arm-none-linux-gnueabi/4.3.2/:/usr/src/mini2440/arm-2008q3/bin/../lib/gcc/:/usr/src/mini2440/arm-2008q3/bin/../lib/gcc/arm-none-linux-gnueabi/4.3.2/../../../../arm-none-linux-gnueabi/lib/:/usr/src/mini2440/arm-2008q3/bin/../arm-none-linux-gnueabi/libc/armv4t/lib/:/usr/src/mini2440/arm-2008q3/bin/../arm-none-linux-gnueabi/libc/armv4t/usr/lib/
COLLECT_GCC_OPTIONS='-march=armv4t' '-mtune=arm920t' '-march=armv4t' '-mtune=arm920t' '-v' '-o' 'cmTC_6dd23' '-rdynamic' '-shared-libgcc'
 /usr/src/mini2440/arm-2008q3/bin/../libexec/gcc/arm-none-linux-gnueabi/4.3.2/collect2 --sysroot=/usr/src/mini2440/arm-2008q3/bin/../arm-none-linux-gnueabi/libc/armv4t --eh-frame-hdr -export-dynamic -dynamic-linker /lib/ld-linux.so.3 -X -m armelf_linux_eabi -o cmTC_6dd23 /usr/src/mini2440/arm-2008q3/bin/../arm-none-linux-gnueabi/libc/armv4t/usr/lib/crt1.o /usr/src/mini2440/arm-2008q3/bin/../arm-none-linux-gnueabi/libc/armv4t/usr/lib/crti.o /usr/src/mini2440/arm-2008q3/bin/../lib/gcc/arm-none-linux-gnueabi/4.3.2/armv4t/crtbegin.o -L/usr/src/mini2440/arm-2008q3/bin/../lib/gcc/arm-none-linux-gnueabi/4.3.2/armv4t -L/usr/src/mini2440/arm-2008q3/bin/../lib/gcc/arm-none-linux-gnueabi/4.3.2/../../../../arm-none-linux-gnueabi/lib/armv4t -L/usr/src/mini2440/arm-2008q3/bin/../lib/gcc/arm-none-linux-gnueabi/4.3.2 -L/usr/src/mini2440/arm-2008q3/bin/../lib/gcc -L/usr/src/mini2440/arm-2008q3/bin/../lib/gcc/arm-none-linux-gnueabi/4.3.2/../../../../arm-none-linux-gnueabi/lib -L/usr/src/mini2440/arm-2008q3/bin/../arm-none-linux-gnueabi/libc/armv4t/lib -L/usr/src/mini2440/arm-2008q3/bin/../arm-none-linux-gnueabi/libc/armv4t/usr/lib CMakeFiles/cmTC_6dd23.dir/CMakeCXXCompilerABI.cpp.o -lstdc++ -lm -lgcc_s -lgcc -lc -lgcc_s -lgcc /usr/src/mini2440/arm-2008q3/bin/../lib/gcc/arm-none-linux-gnueabi/4.3.2/armv4t/crtend.o /usr/src/mini2440/arm-2008q3/bin/../arm-none-linux-gnueabi/libc/armv4t/usr/lib/crtn.o
make[1]: Выход из каталога `/home/northernhell/S_100_CPU_Git/build_rosa/CMakeFiles/CMakeTmp'


Parsed CXX implicit link information from above output:
  link line regex: [^( *|.*[/\])(arm-none-linux-gnueabi-ld|([^/\]+-)?ld|collect2)[^/\]*( |$)]
  ignore line: [Change Dir: /home/northernhell/S_100_CPU_Git/build_rosa/CMakeFiles/CMakeTmp]
  ignore line: []
  ignore line: [Run Build Command:"/usr/bin/make" "cmTC_6dd23/fast"]
  ignore line: [/usr/bin/make -f CMakeFiles/cmTC_6dd23.dir/build.make CMakeFiles/cmTC_6dd23.dir/build]
  ignore line: [make[1]: Вход в каталог `/home/northernhell/S_100_CPU_Git/build_rosa/CMakeFiles/CMakeTmp']
  ignore line: [Building CXX object CMakeFiles/cmTC_6dd23.dir/CMakeCXXCompilerABI.cpp.o]
  ignore line: [/usr/src/mini2440/arm-2008q3/bin/arm-none-linux-gnueabi-g++     -march=armv4t -mtune=arm920t -march=armv4t -mtune=arm920t    -o CMakeFiles/cmTC_6dd23.dir/CMakeCXXCompilerABI.cpp.o -c /home/northernhell/Загрузки/cmake-3.4.0-Linux-x86_64/share/cmake-3.4/Modules/CMakeCXXCompilerABI.cpp]
  ignore line: [Linking CXX executable cmTC_6dd23]
  ignore line: [/home/northernhell/Загрузки/cmake-3.4.0-Linux-x86_64/bin/cmake -E cmake_link_script CMakeFiles/cmTC_6dd23.dir/link.txt --verbose=1]
  ignore line: [/usr/src/mini2440/arm-2008q3/bin/arm-none-linux-gnueabi-g++   -march=armv4t -mtune=arm920t -march=armv4t -mtune=arm920t    -v CMakeFiles/cmTC_6dd23.dir/CMakeCXXCompilerABI.cpp.o  -o cmTC_6dd23 -rdynamic  ]
  ignore line: [Using built-in specs.]
  ignore line: [Target: arm-none-linux-gnueabi]
  ignore line: [Configured with: /scratch/julian/lite-respin/linux/src/gcc-4.3/configure --build=i686-pc-linux-gnu --host=i686-pc-linux-gnu --target=arm-none-linux-gnueabi --enable-threads --disable-libmudflap --disable-libssp --disable-libstdcxx-pch --with-gnu-as --with-gnu-ld --enable-languages=c,c++ --enable-shared --enable-symvers=gnu --enable-__cxa_atexit --with-pkgversion='Sourcery G++ Lite 2008q3-72' --with-bugurl=https://support.codesourcery.com/GNUToolchain/ --disable-nls --prefix=/opt/codesourcery --with-sysroot=/opt/codesourcery/arm-none-linux-gnueabi/libc --with-build-sysroot=/scratch/julian/lite-respin/linux/install/arm-none-linux-gnueabi/libc --with-gmp=/scratch/julian/lite-respin/linux/obj/host-libs-2008q3-72-arm-none-linux-gnueabi-i686-pc-linux-gnu/usr --with-mpfr=/scratch/julian/lite-respin/linux/obj/host-libs-2008q3-72-arm-none-linux-gnueabi-i686-pc-linux-gnu/usr --disable-libgomp --enable-poison-system-directories --with-build-time-tools=/scratch/julian/lite-respin/linux/install/arm-none-linux-gnueabi/bin --with-build-time-tools=/scratch/julian/lite-respin/linux/install/arm-none-linux-gnueabi/bin]
  ignore line: [Thread model: posix]
  ignore line: [gcc version 4.3.2 (Sourcery G++ Lite 2008q3-72) ]
  ignore line: [COMPILER_PATH=/usr/src/mini2440/arm-2008q3/bin/../libexec/gcc/arm-none-linux-gnueabi/4.3.2/:/usr/src/mini2440/arm-2008q3/bin/../libexec/gcc/:/usr/src/mini2440/arm-2008q3/bin/../lib/gcc/arm-none-linux-gnueabi/4.3.2/../../../../arm-none-linux-gnueabi/bin/]
  ignore line: [LIBRARY_PATH=/usr/src/mini2440/arm-2008q3/bin/../lib/gcc/arm-none-linux-gnueabi/4.3.2/armv4t/:/usr/src/mini2440/arm-2008q3/bin/../lib/gcc/arm-none-linux-gnueabi/4.3.2/../../../../arm-none-linux-gnueabi/lib/armv4t/:/usr/src/mini2440/arm-2008q3/bin/../lib/gcc/arm-none-linux-gnueabi/4.3.2/:/usr/src/mini2440/arm-2008q3/bin/../lib/gcc/:/usr/src/mini2440/arm-2008q3/bin/../lib/gcc/arm-none-linux-gnueabi/4.3.2/../../../../arm-none-linux-gnueabi/lib/:/usr/src/mini2440/arm-2008q3/bin/../arm-none-linux-gnueabi/libc/armv4t/lib/:/usr/src/mini2440/arm-2008q3/bin/../arm-none-linux-gnueabi/libc/armv4t/usr/lib/]
  ignore line: [COLLECT_GCC_OPTIONS='-march=armv4t' '-mtune=arm920t' '-march=armv4t' '-mtune=arm920t' '-v' '-o' 'cmTC_6dd23' '-rdynamic' '-shared-libgcc']
  link line: [ /usr/src/mini2440/arm-2008q3/bin/../libexec/gcc/arm-none-linux-gnueabi/4.3.2/collect2 --sysroot=/usr/src/mini2440/arm-2008q3/bin/../arm-none-linux-gnueabi/libc/armv4t --eh-frame-hdr -export-dynamic -dynamic-linker /lib/ld-linux.so.3 -X -m armelf_linux_eabi -o cmTC_6dd23 /usr/src/mini2440/arm-2008q3/bin/../arm-none-linux-gnueabi/libc/armv4t/usr/lib/crt1.o /usr/src/mini2440/arm-2008q3/bin/../arm-none-linux-gnueabi/libc/armv4t/usr/lib/crti.o /usr/src/mini2440/arm-2008q3/bin/../lib/gcc/arm-none-linux-gnueabi/4.3.2/armv4t/crtbegin.o -L/usr/src/mini2440/arm-2008q3/bin/../lib/gcc/arm-none-linux-gnueabi/4.3.2/armv4t -L/usr/src/mini2440/arm-2008q3/bin/../lib/gcc/arm-none-linux-gnueabi/4.3.2/../../../../arm-none-linux-gnueabi/lib/armv4t -L/usr/src/mini2440/arm-2008q3/bin/../lib/gcc/arm-none-linux-gnueabi/4.3.2 -L/usr/src/mini2440/arm-2008q3/bin/../lib/gcc -L/usr/src/mini2440/arm-2008q3/bin/../lib/gcc/arm-none-linux-gnueabi/4.3.2/../../../../arm-none-linux-gnueabi/lib -L/usr/src/mini2440/arm-2008q3/bin/../arm-none-linux-gnueabi/libc/armv4t/lib -L/usr/src/mini2440/arm-2008q3/bin/../arm-none-linux-gnueabi/libc/armv4t/usr/lib CMakeFiles/cmTC_6dd23.dir/CMakeCXXCompilerABI.cpp.o -lstdc++ -lm -lgcc_s -lgcc -lc -lgcc_s -lgcc /usr/src/mini2440/arm-2008q3/bin/../lib/gcc/arm-none-linux-gnueabi/4.3.2/armv4t/crtend.o /usr/src/mini2440/arm-2008q3/bin/../arm-none-linux-gnueabi/libc/armv4t/usr/lib/crtn.o]
    arg [/usr/src/mini2440/arm-2008q3/bin/../libexec/gcc/arm-none-linux-gnueabi/4.3.2/collect2] ==> ignore
    arg [--sysroot=/usr/src/mini2440/arm-2008q3/bin/../arm-none-linux-gnueabi/libc/armv4t] ==> ignore
    arg [--eh-frame-hdr] ==> ignore
    arg [-export-dynamic] ==> ignore
    arg [-dynamic-linker] ==> ignore
    arg [/lib/ld-linux.so.3] ==> ignore
    arg [-X] ==> ignore
    arg [-m] ==> ignore
    arg [armelf_linux_eabi] ==> ignore
    arg [-o] ==> ignore
    arg [cmTC_6dd23] ==> ignore
    arg [/usr/src/mini2440/arm-2008q3/bin/../arm-none-linux-gnueabi/libc/armv4t/usr/lib/crt1.o] ==> ignore
    arg [/usr/src/mini2440/arm-2008q3/bin/../arm-none-linux-gnueabi/libc/armv4t/usr/lib/crti.o] ==> ignore
    arg [/usr/src/mini2440/arm-2008q3/bin/../lib/gcc/arm-none-linux-gnueabi/4.3.2/armv4t/crtbegin.o] ==> ignore
    arg [-L/usr/src/mini2440/arm-2008q3/bin/../lib/gcc/arm-none-linux-gnueabi/4.3.2/armv4t] ==> dir [/usr/src/mini2440/arm-2008q3/bin/../lib/gcc/arm-none-linux-gnueabi/4.3.2/armv4t]
    arg [-L/usr/src/mini2440/arm-2008q3/bin/../lib/gcc/arm-none-linux-gnueabi/4.3.2/../../../../arm-none-linux-gnueabi/lib/armv4t] ==> dir [/usr/src/mini2440/arm-2008q3/bin/../lib/gcc/arm-none-linux-gnueabi/4.3.2/../../../../arm-none-linux-gnueabi/lib/armv4t]
    arg [-L/usr/src/mini2440/arm-2008q3/bin/../lib/gcc/arm-none-linux-gnueabi/4.3.2] ==> dir [/usr/src/mini2440/arm-2008q3/bin/../lib/gcc/arm-none-linux-gnueabi/4.3.2]
    arg [-L/usr/src/mini2440/arm-2008q3/bin/../lib/gcc] ==> dir [/usr/src/mini2440/arm-2008q3/bin/../lib/gcc]
    arg [-L/usr/src/mini2440/arm-2008q3/bin/../lib/gcc/arm-none-linux-gnueabi/4.3.2/../../../../arm-none-linux-gnueabi/lib] ==> dir [/usr/src/mini2440/arm-2008q3/bin/../lib/gcc/arm-none-linux-gnueabi/4.3.2/../../../../arm-none-linux-gnueabi/lib]
    arg [-L/usr/src/mini2440/arm-2008q3/bin/../arm-none-linux-gnueabi/libc/armv4t/lib] ==> dir [/usr/src/mini2440/arm-2008q3/bin/../arm-none-linux-gnueabi/libc/armv4t/lib]
    arg [-L/usr/src/mini2440/arm-2008q3/bin/../arm-none-linux-gnueabi/libc/armv4t/usr/lib] ==> dir [/usr/src/mini2440/arm-2008q3/bin/../arm-none-linux-gnueabi/libc/armv4t/usr/lib]
    arg [CMakeFiles/cmTC_6dd23.dir/CMakeCXXCompilerABI.cpp.o] ==> ignore
    arg [-lstdc++] ==> lib [stdc++]
    arg [-lm] ==> lib [m]
    arg [-lgcc_s] ==> lib [gcc_s]
    arg [-lgcc] ==> lib [gcc]
    arg [-lc] ==> lib [c]
    arg [-lgcc_s] ==> lib [gcc_s]
    arg [-lgcc] ==> lib [gcc]
    arg [/usr/src/mini2440/arm-2008q3/bin/../lib/gcc/arm-none-linux-gnueabi/4.3.2/armv4t/crtend.o] ==> ignore
    arg [/usr/src/mini2440/arm-2008q3/bin/../arm-none-linux-gnueabi/libc/armv4t/usr/lib/crtn.o] ==> ignore
  remove lib [gcc_s]
  remove lib [gcc]
  remove lib [gcc_s]
  remove lib [gcc]
  collapse library dir [/usr/src/mini2440/arm-2008q3/bin/../lib/gcc/arm-none-linux-gnueabi/4.3.2/armv4t] ==> [/usr/src/mini2440/arm-2008q3/lib/gcc/arm-none-linux-gnueabi/4.3.2/armv4t]
  collapse library dir [/usr/src/mini2440/arm-2008q3/bin/../lib/gcc/arm-none-linux-gnueabi/4.3.2/../../../../arm-none-linux-gnueabi/lib/armv4t] ==> [/usr/src/mini2440/arm-2008q3/arm-none-linux-gnueabi/lib/armv4t]
  collapse library dir [/usr/src/mini2440/arm-2008q3/bin/../lib/gcc/arm-none-linux-gnueabi/4.3.2] ==> [/usr/src/mini2440/arm-2008q3/lib/gcc/arm-none-linux-gnueabi/4.3.2]
  collapse library dir [/usr/src/mini2440/arm-2008q3/bin/../lib/gcc] ==> [/usr/src/mini2440/arm-2008q3/lib/gcc]
  collapse library dir [/usr/src/mini2440/arm-2008q3/bin/../lib/gcc/arm-none-linux-gnueabi/4.3.2/../../../../arm-none-linux-gnueabi/lib] ==> [/usr/src/mini2440/arm-2008q3/arm-none-linux-gnueabi/lib]
  collapse library dir [/usr/src/mini2440/arm-2008q3/bin/../arm-none-linux-gnueabi/libc/armv4t/lib] ==> [/usr/src/mini2440/arm-2008q3/arm-none-linux-gnueabi/libc/armv4t/lib]
  collapse library dir [/usr/src/mini2440/arm-2008q3/bin/../arm-none-linux-gnueabi/libc/armv4t/usr/lib] ==> [/usr/src/mini2440/arm-2008q3/arm-none-linux-gnueabi/libc/armv4t/usr/lib]
  implicit libs: [stdc++;m;c]
  implicit dirs: [/usr/src/mini2440/arm-2008q3/lib/gcc/arm-none-linux-gnueabi/4.3.2/armv4t;/usr/src/mini2440/arm-2008q3/arm-none-linux-gnueabi/lib/armv4t;/usr/src/mini2440/arm-2008q3/lib/gcc/arm-none-linux-gnueabi/4.3.2;/usr/src/mini2440/arm-2008q3/lib/gcc;/usr/src/mini2440/arm-2008q3/arm-none-linux-gnueabi/lib;/usr/src/mini2440/arm-2008q3/arm-none-linux-gnueabi/libc/armv4t/lib;/usr/src/mini2440/arm-2008q3/arm-none-linux-gnueabi/libc/armv4t/usr/lib]
  implicit fwks: []


Determining if the include file pthread.h exists passed with the following output:
Change Dir: /home/northernhell/S_100_CPU_Git/build_rosa/CMakeFiles/CMakeTmp

Run Build Command:"/usr/bin/make" "cmTC_40a13/fast"
/usr/bin/make -f CMakeFiles/cmTC_40a13.dir/build.make CMakeFiles/cmTC_40a13.dir/build
make[1]: Вход в каталог `/home/northernhell/S_100_CPU_Git/build_rosa/CMakeFiles/CMakeTmp'
Building C object CMakeFiles/cmTC_40a13.dir/CheckIncludeFile.c.o
/usr/src/mini2440/arm-2008q3/bin/arm-none-linux-gnueabi-gcc    -march=armv4t -mtune=arm920t -march=armv4t -mtune=arm920t    -o CMakeFiles/cmTC_40a13.dir/CheckIncludeFile.c.o   -c /home/northernhell/S_100_CPU_Git/build_rosa/CMakeFiles/CMakeTmp/CheckIncludeFile.c
Linking C executable cmTC_40a13
/home/northernhell/Загрузки/cmake-3.4.0-Linux-x86_64/bin/cmake -E cmake_link_script CMakeFiles/cmTC_40a13.dir/link.txt --verbose=1
/usr/src/mini2440/arm-2008q3/bin/arm-none-linux-gnueabi-gcc  -march=armv4t -mtune=arm920t -march=armv4t -mtune=arm920t     CMakeFiles/cmTC_40a13.dir/CheckIncludeFile.c.o  -o cmTC_40a13 -rdynamic 
make[1]: Выход из каталога `/home/northernhell/S_100_CPU_Git/build_rosa/CMakeFiles/CMakeTmp'


Determining if the function pthread_create exists in the pthread passed with the following output:
Change Dir: /home/northernhell/S_100_CPU_Git/build_rosa/CMakeFiles/CMakeTmp

Run Build Command:"/usr/bin/make" "cmTC_9f657/fast"
/usr/bin/make -f CMakeFiles/cmTC_9f657.dir/build.make CMakeFiles/cmTC_9f657.dir/build
make[1]: Вход в каталог `/home/northernhell/S_100_CPU_Git/build_rosa/CMakeFiles/CMakeTmp'
Building C object CMakeFiles/cmTC_9f657.dir/CheckFunctionExists.c.o
/usr/src/mini2440/arm-2008q3/bin/arm-none-linux-gnueabi-gcc    -march=armv4t -mtune=arm920t -march=armv4t -mtune=arm920t -DCHECK_FUNCTION_EXISTS=pthread_create   -o CMakeFiles/cmTC_9f657.dir/CheckFunctionExists.c.o   -c /home/northernhell/Загрузки/cmake-3.4.0-Linux-x86_64/share/cmake-3.4/Modules/CheckFunctionExists.c
Linking C executable cmTC_9f657
/home/northernhell/Загрузки/cmake-3.4.0-Linux-x86_64/bin/cmake -E cmake_link_script CMakeFiles/cmTC_9f657.dir/link.txt --verbose=1
/usr/src/mini2440/arm-2008q3/bin/arm-none-linux-gnueabi-gcc  -march=armv4t -mtune=arm920t -march=armv4t -mtune=arm920t -DCHECK_FUNCTION_EXISTS=pthread_create    CMakeFiles/cmTC_9f657.dir/CheckFunctionExists.c.o  -o cmTC_9f657 -rdynamic -lpthread 
make[1]: Выход из каталога `/home/northernhell/S_100_CPU_Git/build_rosa/CMakeFiles/CMakeTmp'


