Determining if the pthread_create exist failed with the following output:
Change Dir: /home/northernhell/S_100_CPU_Git/build_rosa/CMakeFiles/CMakeTmp

Run Build Command:"/usr/bin/make" "cmTC_29071/fast"
/usr/bin/make -f CMakeFiles/cmTC_29071.dir/build.make CMakeFiles/cmTC_29071.dir/build
make[1]: Вход в каталог `/home/northernhell/S_100_CPU_Git/build_rosa/CMakeFiles/CMakeTmp'
Building C object CMakeFiles/cmTC_29071.dir/CheckSymbolExists.c.o
/usr/src/mini2440/arm-2008q3/bin/arm-none-linux-gnueabi-gcc    -march=armv4t -mtune=arm920t -march=armv4t -mtune=arm920t    -o CMakeFiles/cmTC_29071.dir/CheckSymbolExists.c.o   -c /home/northernhell/S_100_CPU_Git/build_rosa/CMakeFiles/CMakeTmp/CheckSymbolExists.c
Linking C executable cmTC_29071
/home/northernhell/Загрузки/cmake-3.4.0-Linux-x86_64/bin/cmake -E cmake_link_script CMakeFiles/cmTC_29071.dir/link.txt --verbose=1
/usr/src/mini2440/arm-2008q3/bin/arm-none-linux-gnueabi-gcc  -march=armv4t -mtune=arm920t -march=armv4t -mtune=arm920t     CMakeFiles/cmTC_29071.dir/CheckSymbolExists.c.o  -o cmTC_29071 -rdynamic 
CMakeFiles/cmTC_29071.dir/CheckSymbolExists.c.o: In function `main':
CheckSymbolExists.c:(.text+0x38): undefined reference to `pthread_create'
collect2: ld returned 1 exit status
make[1]: *** [cmTC_29071] Ошибка 1
make[1]: Выход из каталога `/home/northernhell/S_100_CPU_Git/build_rosa/CMakeFiles/CMakeTmp'
make: *** [cmTC_29071/fast] Ошибка 2

File /home/northernhell/S_100_CPU_Git/build_rosa/CMakeFiles/CMakeTmp/CheckSymbolExists.c:
/* */
#include <pthread.h>

int main(int argc, char** argv)
{
  (void)argv;
#ifndef pthread_create
  return ((int*)(&pthread_create))[argc];
#else
  (void)argc;
  return 0;
#endif
}

Determining if the function pthread_create exists in the pthreads failed with the following output:
Change Dir: /home/northernhell/S_100_CPU_Git/build_rosa/CMakeFiles/CMakeTmp

Run Build Command:"/usr/bin/make" "cmTC_e6dda/fast"
/usr/bin/make -f CMakeFiles/cmTC_e6dda.dir/build.make CMakeFiles/cmTC_e6dda.dir/build
make[1]: Вход в каталог `/home/northernhell/S_100_CPU_Git/build_rosa/CMakeFiles/CMakeTmp'
Building C object CMakeFiles/cmTC_e6dda.dir/CheckFunctionExists.c.o
/usr/src/mini2440/arm-2008q3/bin/arm-none-linux-gnueabi-gcc    -march=armv4t -mtune=arm920t -march=armv4t -mtune=arm920t -DCHECK_FUNCTION_EXISTS=pthread_create   -o CMakeFiles/cmTC_e6dda.dir/CheckFunctionExists.c.o   -c /home/northernhell/Загрузки/cmake-3.4.0-Linux-x86_64/share/cmake-3.4/Modules/CheckFunctionExists.c
Linking C executable cmTC_e6dda
/home/northernhell/Загрузки/cmake-3.4.0-Linux-x86_64/bin/cmake -E cmake_link_script CMakeFiles/cmTC_e6dda.dir/link.txt --verbose=1
/usr/src/mini2440/arm-2008q3/bin/arm-none-linux-gnueabi-gcc  -march=armv4t -mtune=arm920t -march=armv4t -mtune=arm920t -DCHECK_FUNCTION_EXISTS=pthread_create    CMakeFiles/cmTC_e6dda.dir/CheckFunctionExists.c.o  -o cmTC_e6dda -rdynamic -lpthreads 
/usr/src/mini2440/arm-2008q3/bin/../lib/gcc/arm-none-linux-gnueabi/4.3.2/../../../../arm-none-linux-gnueabi/bin/ld: cannot find -lpthreads
collect2: ld returned 1 exit status
make[1]: Выход из каталога `/home/northernhell/S_100_CPU_Git/build_rosa/CMakeFiles/CMakeTmp'
make[1]: *** [cmTC_e6dda] Ошибка 1
make: *** [cmTC_e6dda/fast] Ошибка 2


